<?xml version="1.0" encoding="UTF-8"?>
<testng-results ignored="0" total="1" passed="1" failed="0" skipped="0">
  <reporter-output>
  </reporter-output>
  <suite started-at="2022-10-11T18:42:08 IST" name="Default suite" finished-at="2022-10-11T18:42:34 IST" duration-ms="25805">
    <groups>
    </groups>
    <test started-at="2022-10-11T18:42:08 IST" name="Default test" finished-at="2022-10-11T18:42:34 IST" duration-ms="25805">
      <class name="demo.actitime.testscript.TestDataDemo">
        <test-method is-config="true" signature="openBrowser()[pri:0, instance:demo.actitime.testscript.TestDataDemo@7ed7259e]" started-at="2022-10-11T18:42:08 IST" name="openBrowser" finished-at="2022-10-11T18:42:11 IST" duration-ms="3381" status="PASS">
          <reporter-output>
          </reporter-output>
        </test-method> <!-- openBrowser -->
        <test-method is-config="true" signature="login()[pri:0, instance:demo.actitime.testscript.TestDataDemo@7ed7259e]" started-at="2022-10-11T18:42:11 IST" name="login" finished-at="2022-10-11T18:42:18 IST" duration-ms="6972" status="PASS">
          <reporter-output>
          </reporter-output>
        </test-method> <!-- login -->
        <test-method signature="createCust()[pri:0, instance:demo.actitime.testscript.TestDataDemo@7ed7259e]" started-at="2022-10-11T18:42:18 IST" name="createCust" finished-at="2022-10-11T18:42:31 IST" duration-ms="12997" status="PASS">
          <reporter-output>
          </reporter-output>
        </test-method> <!-- createCust -->
        <test-method is-config="true" signature="logout()[pri:0, instance:demo.actitime.testscript.TestDataDemo@7ed7259e]" started-at="2022-10-11T18:42:31 IST" name="logout" finished-at="2022-10-11T18:42:33 IST" duration-ms="2164" status="PASS">
          <reporter-output>
          </reporter-output>
        </test-method> <!-- logout -->
        <test-method is-config="true" signature="closeBrowser()[pri:0, instance:demo.actitime.testscript.TestDataDemo@7ed7259e]" started-at="2022-10-11T18:42:33 IST" name="closeBrowser" finished-at="2022-10-11T18:42:34 IST" duration-ms="254" status="PASS">
          <reporter-output>
          </reporter-output>
        </test-method> <!-- closeBrowser -->
      </class> <!-- demo.actitime.testscript.TestDataDemo -->
    </test> <!-- Default test -->
  </suite> <!-- Default suite -->
</testng-results>
